  [1m[35m (4.1ms)[0m  [1m[34mSELECT sqlite_version(*)[0m
  [1m[35m (2.5ms)[0m  [1m[35mCREATE TABLE "schema_migrations" ("version" varchar NOT NULL PRIMARY KEY)[0m
  [1m[35m (1.0ms)[0m  [1m[35mCREATE TABLE "ar_internal_metadata" ("key" varchar NOT NULL PRIMARY KEY, "value" varchar, "created_at" datetime(6) NOT NULL, "updated_at" datetime(6) NOT NULL)[0m
  [1m[35m (0.2ms)[0m  [1m[34mSELECT "schema_migrations"."version" FROM "schema_migrations" ORDER BY "schema_migrations"."version" ASC[0m
Migrating to CreateBoroughs (20201130200643)
  [1m[35m (0.3ms)[0m  [1m[36mbegin transaction[0m
  [1m[35m (0.7ms)[0m  [1m[35mCREATE TABLE "boroughs" ("id" integer PRIMARY KEY AUTOINCREMENT NOT NULL, "name" varchar, "created_at" datetime(6) NOT NULL, "updated_at" datetime(6) NOT NULL)[0m
  [1m[36mprimary::SchemaMigration Create (0.4ms)[0m  [1m[32mINSERT INTO "schema_migrations" ("version") VALUES (?)[0m  [["version", "20201130200643"]]
  [1m[35m (2.0ms)[0m  [1m[36mcommit transaction[0m
Migrating to CreateTrails (20201130200805)
  [1m[35m (0.1ms)[0m  [1m[36mbegin transaction[0m
  [1m[35m (12.0ms)[0m  [1m[35mCREATE TABLE "trails" ("id" integer PRIMARY KEY AUTOINCREMENT NOT NULL, "name" varchar, "location" varchar, "park_name" varchar, "length" varchar, "difficulty" varchar, "created_at" datetime(6) NOT NULL, "updated_at" datetime(6) NOT NULL)[0m
  [1m[36mprimary::SchemaMigration Create (0.4ms)[0m  [1m[32mINSERT INTO "schema_migrations" ("version") VALUES (?)[0m  [["version", "20201130200805"]]
  [1m[35m (7.7ms)[0m  [1m[36mcommit transaction[0m
  [1m[36mActiveRecord::InternalMetadata Load (0.3ms)[0m  [1m[34mSELECT "ar_internal_metadata".* FROM "ar_internal_metadata" WHERE "ar_internal_metadata"."key" = ? LIMIT ?[0m  [["key", "environment"], ["LIMIT", 1]]
  [1m[35m (0.1ms)[0m  [1m[36mbegin transaction[0m
  [1m[36mActiveRecord::InternalMetadata Create (0.5ms)[0m  [1m[32mINSERT INTO "ar_internal_metadata" ("key", "value", "created_at", "updated_at") VALUES (?, ?, ?, ?)[0m  [["key", "environment"], ["value", "development"], ["created_at", "2020-11-30 20:08:23.125296"], ["updated_at", "2020-11-30 20:08:23.125296"]]
  [1m[35m (3.2ms)[0m  [1m[36mcommit transaction[0m
  [1m[35m (0.1ms)[0m  [1m[34mSELECT sqlite_version(*)[0m
  [1m[35m (0.2ms)[0m  [1m[34mSELECT "schema_migrations"."version" FROM "schema_migrations" ORDER BY "schema_migrations"."version" ASC[0m
  [1m[35m (0.7ms)[0m  [1m[34mSELECT sqlite_version(*)[0m
  [1m[35m (0.2ms)[0m  [1m[34mSELECT "schema_migrations"."version" FROM "schema_migrations" ORDER BY "schema_migrations"."version" ASC[0m
  [1m[35m (0.1ms)[0m  [1m[34mSELECT sqlite_version(*)[0m
  [1m[35m (0.1ms)[0m  [1m[36mbegin transaction[0m
  [1m[36mBorough Create (0.5ms)[0m  [1m[32mINSERT INTO "boroughs" ("name", "created_at", "updated_at") VALUES (?, ?, ?)[0m  [["name", "bronx"], ["created_at", "2020-11-30 20:09:52.280602"], ["updated_at", "2020-11-30 20:09:52.280602"]]
  [1m[35m (1.5ms)[0m  [1m[36mcommit transaction[0m
  [1m[35m (0.1ms)[0m  [1m[36mbegin transaction[0m
  [1m[36mBorough Create (0.4ms)[0m  [1m[32mINSERT INTO "boroughs" ("name", "created_at", "updated_at") VALUES (?, ?, ?)[0m  [["name", "brooklyn"], ["created_at", "2020-11-30 20:09:52.286408"], ["updated_at", "2020-11-30 20:09:52.286408"]]
  [1m[35m (1.4ms)[0m  [1m[36mcommit transaction[0m
  [1m[35m (0.1ms)[0m  [1m[36mbegin transaction[0m
  [1m[36mBorough Create (0.8ms)[0m  [1m[32mINSERT INTO "boroughs" ("name", "created_at", "updated_at") VALUES (?, ?, ?)[0m  [["name", "manhattan"], ["created_at", "2020-11-30 20:09:52.291495"], ["updated_at", "2020-11-30 20:09:52.291495"]]
  [1m[35m (3.3ms)[0m  [1m[36mcommit transaction[0m
  [1m[35m (0.1ms)[0m  [1m[36mbegin transaction[0m
  [1m[36mBorough Create (0.5ms)[0m  [1m[32mINSERT INTO "boroughs" ("name", "created_at", "updated_at") VALUES (?, ?, ?)[0m  [["name", "queens"], ["created_at", "2020-11-30 20:09:52.302727"], ["updated_at", "2020-11-30 20:09:52.302727"]]
  [1m[35m (1.5ms)[0m  [1m[36mcommit transaction[0m
  [1m[35m (0.1ms)[0m  [1m[36mbegin transaction[0m
  [1m[36mBorough Create (0.4ms)[0m  [1m[32mINSERT INTO "boroughs" ("name", "created_at", "updated_at") VALUES (?, ?, ?)[0m  [["name", "staten island"], ["created_at", "2020-11-30 20:09:52.308633"], ["updated_at", "2020-11-30 20:09:52.308633"]]
  [1m[35m (1.6ms)[0m  [1m[36mcommit transaction[0m
  [1m[36mBorough Load (0.2ms)[0m  [1m[34mSELECT "boroughs".* FROM "boroughs" WHERE "boroughs"."name" = ? LIMIT ?[0m  [["name", "brooklyn"], ["LIMIT", 1]]
  [1m[35m (0.5ms)[0m  [1m[34mSELECT sqlite_version(*)[0m
  [1m[35m (0.3ms)[0m  [1m[34mSELECT "schema_migrations"."version" FROM "schema_migrations" ORDER BY "schema_migrations"."version" ASC[0m
  [1m[35m (0.1ms)[0m  [1m[34mSELECT "ar_internal_metadata"."value" FROM "ar_internal_metadata" WHERE "ar_internal_metadata"."key" = ?[0m  [["key", "environment"]]
  [1m[35m (0.1ms)[0m  [1m[34mSELECT "schema_migrations"."version" FROM "schema_migrations" ORDER BY "schema_migrations"."version" ASC[0m
  [1m[35m (0.1ms)[0m  [1m[34mSELECT "ar_internal_metadata"."value" FROM "ar_internal_metadata" WHERE "ar_internal_metadata"."key" = ?[0m  [["key", "environment"]]
  [1m[35m (0.6ms)[0m  [1m[34mSELECT "schema_migrations"."version" FROM "schema_migrations" ORDER BY "schema_migrations"."version" ASC[0m
  [1m[35m (0.1ms)[0m  [1m[34mSELECT "ar_internal_metadata"."value" FROM "ar_internal_metadata" WHERE "ar_internal_metadata"."key" = ?[0m  [["key", "environment"]]
  [1m[35m (0.1ms)[0m  [1m[34mSELECT sqlite_version(*)[0m
  [1m[35m (0.1ms)[0m  [1m[34mSELECT sqlite_version(*)[0m
  [1m[35m (0.2ms)[0m  [1m[34mSELECT sqlite_version(*)[0m
  [1m[35m (0.2ms)[0m  [1m[35mDROP TABLE IF EXISTS "boroughs"[0m
  [1m[35m (8.1ms)[0m  [1m[35mCREATE TABLE "boroughs" ("id" integer PRIMARY KEY AUTOINCREMENT NOT NULL, "name" varchar, "created_at" datetime(6) NOT NULL, "updated_at" datetime(6) NOT NULL)[0m
  [1m[35m (0.4ms)[0m  [1m[35mDROP TABLE IF EXISTS "trails"[0m
  [1m[35m (1.8ms)[0m  [1m[35mCREATE TABLE "trails" ("id" integer PRIMARY KEY AUTOINCREMENT NOT NULL, "name" varchar, "location" varchar, "park_name" varchar, "length" varchar, "difficulty" varchar, "created_at" datetime(6) NOT NULL, "updated_at" datetime(6) NOT NULL)[0m
  [1m[35m (14.7ms)[0m  [1m[35mCREATE TABLE "schema_migrations" ("version" varchar NOT NULL PRIMARY KEY)[0m
  [1m[35m (0.2ms)[0m  [1m[34mSELECT "schema_migrations"."version" FROM "schema_migrations" ORDER BY "schema_migrations"."version" ASC[0m
  [1m[35m (1.8ms)[0m  [1m[32mINSERT INTO "schema_migrations" (version) VALUES (20201130200805)[0m
  [1m[35m (2.3ms)[0m  [1m[32mINSERT INTO "schema_migrations" (version) VALUES
(20201130200643);

[0m
  [1m[35m (1.9ms)[0m  [1m[35mCREATE TABLE "ar_internal_metadata" ("key" varchar NOT NULL PRIMARY KEY, "value" varchar, "created_at" datetime(6) NOT NULL, "updated_at" datetime(6) NOT NULL)[0m
  [1m[36mActiveRecord::InternalMetadata Load (0.2ms)[0m  [1m[34mSELECT "ar_internal_metadata".* FROM "ar_internal_metadata" WHERE "ar_internal_metadata"."key" = ? LIMIT ?[0m  [["key", "environment"], ["LIMIT", 1]]
  [1m[35m (0.1ms)[0m  [1m[36mbegin transaction[0m
  [1m[36mActiveRecord::InternalMetadata Create (1.2ms)[0m  [1m[32mINSERT INTO "ar_internal_metadata" ("key", "value", "created_at", "updated_at") VALUES (?, ?, ?, ?)[0m  [["key", "environment"], ["value", "development"], ["created_at", "2020-11-30 20:13:09.219748"], ["updated_at", "2020-11-30 20:13:09.219748"]]
  [1m[35m (1.5ms)[0m  [1m[36mcommit transaction[0m
  [1m[36mActiveRecord::InternalMetadata Load (0.2ms)[0m  [1m[34mSELECT "ar_internal_metadata".* FROM "ar_internal_metadata" WHERE "ar_internal_metadata"."key" = ? LIMIT ?[0m  [["key", "environment"], ["LIMIT", 1]]
  [1m[36mActiveRecord::InternalMetadata Load (0.1ms)[0m  [1m[34mSELECT "ar_internal_metadata".* FROM "ar_internal_metadata" WHERE "ar_internal_metadata"."key" = ? LIMIT ?[0m  [["key", "schema_sha1"], ["LIMIT", 1]]
  [1m[35m (0.1ms)[0m  [1m[36mbegin transaction[0m
  [1m[36mActiveRecord::InternalMetadata Create (0.4ms)[0m  [1m[32mINSERT INTO "ar_internal_metadata" ("key", "value", "created_at", "updated_at") VALUES (?, ?, ?, ?)[0m  [["key", "schema_sha1"], ["value", "171a8fbf976b974786694cefa452d898be96b5b8"], ["created_at", "2020-11-30 20:13:09.239600"], ["updated_at", "2020-11-30 20:13:09.239600"]]
  [1m[35m (1.6ms)[0m  [1m[36mcommit transaction[0m
  [1m[35m (0.1ms)[0m  [1m[34mSELECT sqlite_version(*)[0m
  [1m[35m (0.3ms)[0m  [1m[35mDROP TABLE IF EXISTS "boroughs"[0m
  [1m[35m (7.0ms)[0m  [1m[35mCREATE TABLE "boroughs" ("id" integer PRIMARY KEY AUTOINCREMENT NOT NULL, "name" varchar, "created_at" datetime(6) NOT NULL, "updated_at" datetime(6) NOT NULL)[0m
  [1m[35m (0.4ms)[0m  [1m[35mDROP TABLE IF EXISTS "trails"[0m
  [1m[35m (2.6ms)[0m  [1m[35mCREATE TABLE "trails" ("id" integer PRIMARY KEY AUTOINCREMENT NOT NULL, "name" varchar, "location" varchar, "park_name" varchar, "length" varchar, "difficulty" varchar, "created_at" datetime(6) NOT NULL, "updated_at" datetime(6) NOT NULL)[0m
  [1m[35m (1.9ms)[0m  [1m[35mCREATE TABLE "schema_migrations" ("version" varchar NOT NULL PRIMARY KEY)[0m
  [1m[35m (0.3ms)[0m  [1m[34mSELECT "schema_migrations"."version" FROM "schema_migrations" ORDER BY "schema_migrations"."version" ASC[0m
  [1m[35m (5.6ms)[0m  [1m[32mINSERT INTO "schema_migrations" (version) VALUES (20201130200805)[0m
  [1m[35m (4.5ms)[0m  [1m[32mINSERT INTO "schema_migrations" (version) VALUES
(20201130200643);

[0m
  [1m[35m (1.9ms)[0m  [1m[35mCREATE TABLE "ar_internal_metadata" ("key" varchar NOT NULL PRIMARY KEY, "value" varchar, "created_at" datetime(6) NOT NULL, "updated_at" datetime(6) NOT NULL)[0m
  [1m[36mActiveRecord::InternalMetadata Load (0.2ms)[0m  [1m[34mSELECT "ar_internal_metadata".* FROM "ar_internal_metadata" WHERE "ar_internal_metadata"."key" = ? LIMIT ?[0m  [["key", "environment"], ["LIMIT", 1]]
  [1m[35m (0.1ms)[0m  [1m[36mbegin transaction[0m
  [1m[36mActiveRecord::InternalMetadata Create (0.8ms)[0m  [1m[32mINSERT INTO "ar_internal_metadata" ("key", "value", "created_at", "updated_at") VALUES (?, ?, ?, ?)[0m  [["key", "environment"], ["value", "development"], ["created_at", "2020-11-30 20:13:09.332449"], ["updated_at", "2020-11-30 20:13:09.332449"]]
  [1m[35m (1.5ms)[0m  [1m[36mcommit transaction[0m
  [1m[36mActiveRecord::InternalMetadata Load (0.1ms)[0m  [1m[34mSELECT "ar_internal_metadata".* FROM "ar_internal_metadata" WHERE "ar_internal_metadata"."key" = ? LIMIT ?[0m  [["key", "environment"], ["LIMIT", 1]]
  [1m[35m (0.0ms)[0m  [1m[36mbegin transaction[0m
  [1m[36mActiveRecord::InternalMetadata Update (0.4ms)[0m  [1m[33mUPDATE "ar_internal_metadata" SET "value" = ?, "updated_at" = ? WHERE "ar_internal_metadata"."key" = ?[0m  [["value", "test"], ["updated_at", "2020-11-30 20:13:09.339927"], ["key", "environment"]]
  [1m[35m (1.6ms)[0m  [1m[36mcommit transaction[0m
  [1m[36mActiveRecord::InternalMetadata Load (0.1ms)[0m  [1m[34mSELECT "ar_internal_metadata".* FROM "ar_internal_metadata" WHERE "ar_internal_metadata"."key" = ? LIMIT ?[0m  [["key", "schema_sha1"], ["LIMIT", 1]]
  [1m[35m (0.0ms)[0m  [1m[36mbegin transaction[0m
  [1m[36mActiveRecord::InternalMetadata Create (0.3ms)[0m  [1m[32mINSERT INTO "ar_internal_metadata" ("key", "value", "created_at", "updated_at") VALUES (?, ?, ?, ?)[0m  [["key", "schema_sha1"], ["value", "171a8fbf976b974786694cefa452d898be96b5b8"], ["created_at", "2020-11-30 20:13:09.346774"], ["updated_at", "2020-11-30 20:13:09.346774"]]
  [1m[35m (2.9ms)[0m  [1m[36mcommit transaction[0m
  [1m[35m (0.1ms)[0m  [1m[34mSELECT sqlite_version(*)[0m
  [1m[35m (0.1ms)[0m  [1m[34mSELECT "schema_migrations"."version" FROM "schema_migrations" ORDER BY "schema_migrations"."version" ASC[0m
  [1m[35m (0.1ms)[0m  [1m[34mSELECT sqlite_version(*)[0m
  [1m[35m (0.1ms)[0m  [1m[36mbegin transaction[0m
  [1m[36mBorough Create (0.4ms)[0m  [1m[32mINSERT INTO "boroughs" ("name", "created_at", "updated_at") VALUES (?, ?, ?)[0m  [["name", "bronx"], ["created_at", "2020-11-30 20:13:09.376699"], ["updated_at", "2020-11-30 20:13:09.376699"]]
  [1m[35m (1.6ms)[0m  [1m[36mcommit transaction[0m
  [1m[35m (0.1ms)[0m  [1m[36mbegin transaction[0m
  [1m[36mBorough Create (0.4ms)[0m  [1m[32mINSERT INTO "boroughs" ("name", "created_at", "updated_at") VALUES (?, ?, ?)[0m  [["name", "brooklyn"], ["created_at", "2020-11-30 20:13:09.382865"], ["updated_at", "2020-11-30 20:13:09.382865"]]
  [1m[35m (5.8ms)[0m  [1m[36mcommit transaction[0m
  [1m[35m (0.1ms)[0m  [1m[36mbegin transaction[0m
  [1m[36mBorough Create (0.4ms)[0m  [1m[32mINSERT INTO "boroughs" ("name", "created_at", "updated_at") VALUES (?, ?, ?)[0m  [["name", "manhattan"], ["created_at", "2020-11-30 20:13:09.393364"], ["updated_at", "2020-11-30 20:13:09.393364"]]
  [1m[35m (1.8ms)[0m  [1m[36mcommit transaction[0m
  [1m[35m (0.1ms)[0m  [1m[36mbegin transaction[0m
  [1m[36mBorough Create (0.6ms)[0m  [1m[32mINSERT INTO "boroughs" ("name", "created_at", "updated_at") VALUES (?, ?, ?)[0m  [["name", "queens"], ["created_at", "2020-11-30 20:13:09.399560"], ["updated_at", "2020-11-30 20:13:09.399560"]]
  [1m[35m (1.9ms)[0m  [1m[36mcommit transaction[0m
  [1m[35m (0.1ms)[0m  [1m[36mbegin transaction[0m
  [1m[36mBorough Create (0.4ms)[0m  [1m[32mINSERT INTO "boroughs" ("name", "created_at", "updated_at") VALUES (?, ?, ?)[0m  [["name", "staten island"], ["created_at", "2020-11-30 20:13:09.407860"], ["updated_at", "2020-11-30 20:13:09.407860"]]
  [1m[35m (1.7ms)[0m  [1m[36mcommit transaction[0m
  [1m[36mBorough Load (0.2ms)[0m  [1m[34mSELECT "boroughs".* FROM "boroughs" WHERE "boroughs"."name" = ? LIMIT ?[0m  [["name", "brooklyn"], ["LIMIT", 1]]
  [1m[35m (0.5ms)[0m  [1m[34mSELECT sqlite_version(*)[0m
  [1m[35m (0.2ms)[0m  [1m[34mSELECT "schema_migrations"."version" FROM "schema_migrations" ORDER BY "schema_migrations"."version" ASC[0m
Migrating to AddBoroughIdToTrails (20201130201401)
  [1m[35m (0.1ms)[0m  [1m[36mbegin transaction[0m
  [1m[35m (0.8ms)[0m  [1m[35mALTER TABLE "trails" ADD "borough_id" integer[0m
  [1m[36mprimary::SchemaMigration Create (0.2ms)[0m  [1m[32mINSERT INTO "schema_migrations" ("version") VALUES (?)[0m  [["version", "20201130201401"]]
  [1m[35m (5.2ms)[0m  [1m[36mcommit transaction[0m
  [1m[36mActiveRecord::InternalMetadata Load (0.3ms)[0m  [1m[34mSELECT "ar_internal_metadata".* FROM "ar_internal_metadata" WHERE "ar_internal_metadata"."key" = ? LIMIT ?[0m  [["key", "environment"], ["LIMIT", 1]]
  [1m[35m (0.1ms)[0m  [1m[34mSELECT sqlite_version(*)[0m
  [1m[35m (0.2ms)[0m  [1m[34mSELECT "schema_migrations"."version" FROM "schema_migrations" ORDER BY "schema_migrations"."version" ASC[0m
  [1m[35m (0.5ms)[0m  [1m[34mSELECT sqlite_version(*)[0m
  [1m[35m (0.2ms)[0m  [1m[34mSELECT "schema_migrations"."version" FROM "schema_migrations" ORDER BY "schema_migrations"."version" ASC[0m
  [1m[35m (0.1ms)[0m  [1m[34mSELECT sqlite_version(*)[0m
  [1m[35m (0.1ms)[0m  [1m[36mbegin transaction[0m
  [1m[36mBorough Create (0.5ms)[0m  [1m[32mINSERT INTO "boroughs" ("name", "created_at", "updated_at") VALUES (?, ?, ?)[0m  [["name", "bronx"], ["created_at", "2020-11-30 20:14:58.659107"], ["updated_at", "2020-11-30 20:14:58.659107"]]
  [1m[35m (1.6ms)[0m  [1m[36mcommit transaction[0m
  [1m[35m (0.1ms)[0m  [1m[36mbegin transaction[0m
  [1m[36mBorough Create (0.4ms)[0m  [1m[32mINSERT INTO "boroughs" ("name", "created_at", "updated_at") VALUES (?, ?, ?)[0m  [["name", "brooklyn"], ["created_at", "2020-11-30 20:14:58.666251"], ["updated_at", "2020-11-30 20:14:58.666251"]]
  [1m[35m (1.5ms)[0m  [1m[36mcommit transaction[0m
  [1m[35m (0.0ms)[0m  [1m[36mbegin transaction[0m
  [1m[36mBorough Create (0.4ms)[0m  [1m[32mINSERT INTO "boroughs" ("name", "created_at", "updated_at") VALUES (?, ?, ?)[0m  [["name", "manhattan"], ["created_at", "2020-11-30 20:14:58.672008"], ["updated_at", "2020-11-30 20:14:58.672008"]]
  [1m[35m (3.2ms)[0m  [1m[36mcommit transaction[0m
  [1m[35m (0.1ms)[0m  [1m[36mbegin transaction[0m
  [1m[36mBorough Create (0.6ms)[0m  [1m[32mINSERT INTO "boroughs" ("name", "created_at", "updated_at") VALUES (?, ?, ?)[0m  [["name", "queens"], ["created_at", "2020-11-30 20:14:58.678911"], ["updated_at", "2020-11-30 20:14:58.678911"]]
  [1m[35m (1.6ms)[0m  [1m[36mcommit transaction[0m
  [1m[35m (0.0ms)[0m  [1m[36mbegin transaction[0m
  [1m[36mBorough Create (0.4ms)[0m  [1m[32mINSERT INTO "boroughs" ("name", "created_at", "updated_at") VALUES (?, ?, ?)[0m  [["name", "staten island"], ["created_at", "2020-11-30 20:14:58.684179"], ["updated_at", "2020-11-30 20:14:58.684179"]]
  [1m[35m (1.9ms)[0m  [1m[36mcommit transaction[0m
  [1m[36mBorough Load (0.2ms)[0m  [1m[34mSELECT "boroughs".* FROM "boroughs" WHERE "boroughs"."name" = ? LIMIT ?[0m  [["name", "brooklyn"], ["LIMIT", 1]]
  [1m[35m (0.1ms)[0m  [1m[36mbegin transaction[0m
  [1m[36mTrail Create (0.5ms)[0m  [1m[32mINSERT INTO "trails" ("name", "location", "created_at", "updated_at", "borough_id") VALUES (?, ?, ?, ?, ?)[0m  [["name", "Salt Marsh Nature Trail"], ["location", "Enter behind the Salt Marsh Nature Center, located near the intersection of East 33rd Street and Avenue U."], ["created_at", "2020-11-30 20:14:58.716660"], ["updated_at", "2020-11-30 20:14:58.716660"], ["borough_id", 2]]
  [1m[35m (1.6ms)[0m  [1m[36mcommit transaction[0m
  [1m[36mBorough Load (0.1ms)[0m  [1m[34mSELECT "boroughs".* FROM "boroughs" WHERE "boroughs"."name" = ? LIMIT ?[0m  [["name", "brooklyn"], ["LIMIT", 1]]
  [1m[35m (0.1ms)[0m  [1m[36mbegin transaction[0m
  [1m[36mTrail Create (0.5ms)[0m  [1m[32mINSERT INTO "trails" ("name", "location", "difficulty", "created_at", "updated_at", "borough_id") VALUES (?, ?, ?, ?, ?, ?)[0m  [["name", "Lullwater"], ["location", "Enter Park at Lincoln Road and Ocean Avenue entrance.  Trails begin or are near the Prospect Park Audubon Center."], ["difficulty", "Easy"], ["created_at", "2020-11-30 20:14:58.726430"], ["updated_at", "2020-11-30 20:14:58.726430"], ["borough_id", 2]]
  [1m[35m (1.6ms)[0m  [1m[36mcommit transaction[0m
  [1m[36mBorough Load (0.1ms)[0m  [1m[34mSELECT "boroughs".* FROM "boroughs" WHERE "boroughs"."name" = ? LIMIT ?[0m  [["name", "brooklyn"], ["LIMIT", 1]]
  [1m[35m (0.0ms)[0m  [1m[36mbegin transaction[0m
  [1m[36mTrail Create (0.3ms)[0m  [1m[32mINSERT INTO "trails" ("name", "location", "difficulty", "created_at", "updated_at", "borough_id") VALUES (?, ?, ?, ?, ?, ?)[0m  [["name", "Midwood"], ["location", "Enter Park at Lincoln Road and Ocean Avenue entrance. Trails begin or are near the Prospect Park Audubon Center."], ["difficulty", "Easy"], ["created_at", "2020-11-30 20:14:58.755082"], ["updated_at", "2020-11-30 20:14:58.755082"], ["borough_id", 2]]
  [1m[35m (1.4ms)[0m  [1m[36mcommit transaction[0m
  [1m[36mBorough Load (0.1ms)[0m  [1m[34mSELECT "boroughs".* FROM "boroughs" WHERE "boroughs"."name" = ? LIMIT ?[0m  [["name", "brooklyn"], ["LIMIT", 1]]
  [1m[35m (0.1ms)[0m  [1m[36mbegin transaction[0m
  [1m[36mTrail Create (0.4ms)[0m  [1m[32mINSERT INTO "trails" ("name", "location", "difficulty", "created_at", "updated_at", "borough_id") VALUES (?, ?, ?, ?, ?, ?)[0m  [["name", "Peninsula"], ["location", "Enter Park at Lincoln Road and Ocean Avenue entrance.  Trails begin or are near the Prospect Park Audubon Center."], ["difficulty", "Easy"], ["created_at", "2020-11-30 20:14:58.762357"], ["updated_at", "2020-11-30 20:14:58.762357"], ["borough_id", 2]]
  [1m[35m (1.7ms)[0m  [1m[36mcommit transaction[0m
  [1m[36mBorough Load (0.1ms)[0m  [1m[34mSELECT "boroughs".* FROM "boroughs" WHERE "boroughs"."name" = ? LIMIT ?[0m  [["name", "brooklyn"], ["LIMIT", 1]]
  [1m[35m (0.0ms)[0m  [1m[36mbegin transaction[0m
  [1m[36mTrail Create (0.5ms)[0m  [1m[32mINSERT INTO "trails" ("name", "location", "difficulty", "created_at", "updated_at", "borough_id") VALUES (?, ?, ?, ?, ?, ?)[0m  [["name", "Waterfall"], ["location", "Enter Park at Lincoln Road and Ocean Avenue entrance.  Trails begin or are near the Prospect Park Audubon Center."], ["difficulty", "Easy"], ["created_at", "2020-11-30 20:14:58.769302"], ["updated_at", "2020-11-30 20:14:58.769302"], ["borough_id", 2]]
  [1m[35m (1.5ms)[0m  [1m[36mcommit transaction[0m
  [1m[36mBorough Load (0.2ms)[0m  [1m[34mSELECT "boroughs".* FROM "boroughs" WHERE "boroughs"."name" = ? LIMIT ?[0m  [["name", "queens"], ["LIMIT", 1]]
  [1m[35m (0.1ms)[0m  [1m[36mbegin transaction[0m
  [1m[36mTrail Create (0.3ms)[0m  [1m[32mINSERT INTO "trails" ("name", "location", "difficulty", "created_at", "updated_at", "borough_id") VALUES (?, ?, ?, ?, ?, ?)[0m  [["name", "Alley Pond Trails"], ["location", "Park-wide. Check out our <a href=\"/park-features/hiking/alley-pond-park\">Alley Pond Park Trails</a> page for a map and directions to scenic locations."], ["difficulty", "Various"], ["created_at", "2020-11-30 20:14:58.777506"], ["updated_at", "2020-11-30 20:14:58.777506"], ["borough_id", 4]]
  [1m[35m (1.4ms)[0m  [1m[36mcommit transaction[0m
  [1m[36mBorough Load (0.1ms)[0m  [1m[34mSELECT "boroughs".* FROM "boroughs" WHERE "boroughs"."name" = ? LIMIT ?[0m  [["name", "queens"], ["LIMIT", 1]]
  [1m[35m (0.1ms)[0m  [1m[36mbegin transaction[0m
  [1m[36mTrail Create (0.6ms)[0m  [1m[32mINSERT INTO "trails" ("name", "location", "created_at", "updated_at", "borough_id") VALUES (?, ?, ?, ?, ?)[0m  [["name", "Blue Trail"], ["location", "Forest Park Drive East, off of Woodhaven Boulevard"], ["created_at", "2020-11-30 20:14:58.784084"], ["updated_at", "2020-11-30 20:14:58.784084"], ["borough_id", 4]]
  [1m[35m (1.6ms)[0m  [1m[36mcommit transaction[0m
  [1m[36mBorough Load (0.2ms)[0m  [1m[34mSELECT "boroughs".* FROM "boroughs" WHERE "boroughs"."name" = ? LIMIT ?[0m  [["name", "queens"], ["LIMIT", 1]]
  [1m[35m (0.1ms)[0m  [1m[36mbegin transaction[0m
  [1m[36mTrail Create (0.3ms)[0m  [1m[32mINSERT INTO "trails" ("name", "location", "created_at", "updated_at", "borough_id") VALUES (?, ?, ?, ?, ?)[0m  [["name", "Orange Trail"], ["location", "Memorial Drive and Forest Park Drive East"], ["created_at", "2020-11-30 20:14:58.792159"], ["updated_at", "2020-11-30 20:14:58.792159"], ["borough_id", 4]]
  [1m[35m (1.8ms)[0m  [1m[36mcommit transaction[0m
  [1m[36mBorough Load (0.2ms)[0m  [1m[34mSELECT "boroughs".* FROM "boroughs" WHERE "boroughs"."name" = ? LIMIT ?[0m  [["name", "queens"], ["LIMIT", 1]]
  [1m[35m (0.1ms)[0m  [1m[36mbegin transaction[0m
  [1m[36mTrail Create (1.4ms)[0m  [1m[32mINSERT INTO "trails" ("name", "location", "created_at", "updated_at", "borough_id") VALUES (?, ?, ?, ?, ?)[0m  [["name", "Yellow Trail"], ["location", "Metropolitan Avenue & Forest Park Drive East"], ["created_at", "2020-11-30 20:14:58.799325"], ["updated_at", "2020-11-30 20:14:58.799325"], ["borough_id", 4]]
  [1m[35m (1.5ms)[0m  [1m[36mcommit transaction[0m
  [1m[36mBorough Load (0.1ms)[0m  [1m[34mSELECT "boroughs".* FROM "boroughs" WHERE "boroughs"."name" = ? LIMIT ?[0m  [["name", "queens"], ["LIMIT", 1]]
  [1m[35m (0.0ms)[0m  [1m[36mbegin transaction[0m
  [1m[36mTrail Create (0.4ms)[0m  [1m[32mINSERT INTO "trails" ("name", "location", "created_at", "updated_at", "borough_id") VALUES (?, ?, ?, ?, ?)[0m  [["name", "South Preserve Trail"], ["location", "Francis Lewis Boulevard and Union Turnpike"], ["created_at", "2020-11-30 20:14:58.808496"], ["updated_at", "2020-11-30 20:14:58.808496"], ["borough_id", 4]]
  [1m[35m (1.8ms)[0m  [1m[36mcommit transaction[0m
  [1m[36mBorough Load (0.1ms)[0m  [1m[34mSELECT "boroughs".* FROM "boroughs" WHERE "boroughs"."name" = ? LIMIT ?[0m  [["name", "staten island"], ["LIMIT", 1]]
  [1m[35m (0.0ms)[0m  [1m[36mbegin transaction[0m
  [1m[36mTrail Create (0.3ms)[0m  [1m[32mINSERT INTO "trails" ("name", "location", "difficulty", "created_at", "updated_at", "borough_id") VALUES (?, ?, ?, ?, ?, ?)[0m  [["name", "Greenbelt Blue Trail (Southern Trailhead)"], ["location", "Brielle Avenue & Roanoake Street"], ["difficulty", "Easy/Moderate"], ["created_at", "2020-11-30 20:14:58.815152"], ["updated_at", "2020-11-30 20:14:58.815152"], ["borough_id", 5]]
  [1m[35m (1.5ms)[0m  [1m[36mcommit transaction[0m
  [1m[36mBorough Load (0.1ms)[0m  [1m[34mSELECT "boroughs".* FROM "boroughs" WHERE "boroughs"."name" = ? LIMIT ?[0m  [["name", "queens"], ["LIMIT", 1]]
  [1m[35m (0.1ms)[0m  [1m[36mbegin transaction[0m
  [1m[36mTrail Create (0.3ms)[0m  [1m[32mINSERT INTO "trails" ("name", "location", "difficulty", "created_at", "updated_at", "borough_id") VALUES (?, ?, ?, ?, ?, ?)[0m  [["name", "Bayswater Park Hiking Trails"], ["location", "Check out our <a href=\"/park-features/hiking/bayswater-park\">Bayswater Trails</a> page for a map featuring entrances and directions to scenic locations."], ["difficulty", "Moderate"], ["created_at", "2020-11-30 20:14:58.821472"], ["updated_at", "2020-11-30 20:14:58.821472"], ["borough_id", 4]]
  [1m[35m (1.5ms)[0m  [1m[36mcommit transaction[0m
  [1m[35m (0.5ms)[0m  [1m[34mSELECT sqlite_version(*)[0m
  [1m[36mBorough Load (0.3ms)[0m  [1m[34mSELECT "boroughs".* FROM "boroughs" LIMIT ?[0m  [["LIMIT", 11]]
  [1m[36mBorough Load (2.4ms)[0m  [1m[34mSELECT "boroughs".* FROM "boroughs" ORDER BY "boroughs"."id" ASC LIMIT ?[0m  [["LIMIT", 1]]
  [1m[36mTrail Load (0.5ms)[0m  [1m[34mSELECT "trails".* FROM "trails" WHERE "trails"."borough_id" = ? LIMIT ?[0m  [["borough_id", 1], ["LIMIT", 11]]
  [1m[36mBorough Load (0.4ms)[0m  [1m[34mSELECT "boroughs".* FROM "boroughs" ORDER BY "boroughs"."id" DESC LIMIT ?[0m  [["LIMIT", 1]]
  [1m[36mTrail Load (0.2ms)[0m  [1m[34mSELECT "trails".* FROM "trails" WHERE "trails"."borough_id" = ? LIMIT ?[0m  [["borough_id", 10], ["LIMIT", 11]]
  [1m[36mBorough Load (0.4ms)[0m  [1m[34mSELECT "boroughs".* FROM "boroughs" ORDER BY "boroughs"."id" DESC LIMIT ?[0m  [["LIMIT", 1]]
  [1m[35m (0.3ms)[0m  [1m[34mSELECT COUNT(*) FROM "trails" WHERE "trails"."borough_id" = ?[0m  [["borough_id", 10]]
  [1m[36mTrail Load (0.4ms)[0m  [1m[34mSELECT "trails".* FROM "trails" LIMIT ?[0m  [["LIMIT", 11]]
  [1m[35m (0.4ms)[0m  [1m[34mSELECT sqlite_version(*)[0m
  [1m[35m (0.2ms)[0m  [1m[34mSELECT "schema_migrations"."version" FROM "schema_migrations" ORDER BY "schema_migrations"."version" ASC[0m
  [1m[35m (0.1ms)[0m  [1m[34mSELECT "ar_internal_metadata"."value" FROM "ar_internal_metadata" WHERE "ar_internal_metadata"."key" = ?[0m  [["key", "environment"]]
  [1m[35m (0.1ms)[0m  [1m[34mSELECT "schema_migrations"."version" FROM "schema_migrations" ORDER BY "schema_migrations"."version" ASC[0m
  [1m[35m (0.1ms)[0m  [1m[34mSELECT "ar_internal_metadata"."value" FROM "ar_internal_metadata" WHERE "ar_internal_metadata"."key" = ?[0m  [["key", "environment"]]
  [1m[35m (0.1ms)[0m  [1m[34mSELECT "schema_migrations"."version" FROM "schema_migrations" ORDER BY "schema_migrations"."version" ASC[0m
  [1m[35m (0.1ms)[0m  [1m[34mSELECT "ar_internal_metadata"."value" FROM "ar_internal_metadata" WHERE "ar_internal_metadata"."key" = ?[0m  [["key", "environment"]]
  [1m[35m (0.1ms)[0m  [1m[34mSELECT sqlite_version(*)[0m
  [1m[35m (0.1ms)[0m  [1m[34mSELECT sqlite_version(*)[0m
  [1m[35m (0.1ms)[0m  [1m[34mSELECT sqlite_version(*)[0m
  [1m[35m (0.6ms)[0m  [1m[35mDROP TABLE IF EXISTS "boroughs"[0m
  [1m[35m (5.5ms)[0m  [1m[35mCREATE TABLE "boroughs" ("id" integer PRIMARY KEY AUTOINCREMENT NOT NULL, "name" varchar, "created_at" datetime(6) NOT NULL, "updated_at" datetime(6) NOT NULL)[0m
  [1m[35m (0.2ms)[0m  [1m[35mDROP TABLE IF EXISTS "trails"[0m
  [1m[35m (6.8ms)[0m  [1m[35mCREATE TABLE "trails" ("id" integer PRIMARY KEY AUTOINCREMENT NOT NULL, "name" varchar, "location" varchar, "park_name" varchar, "length" varchar, "difficulty" varchar, "created_at" datetime(6) NOT NULL, "updated_at" datetime(6) NOT NULL, "borough_id" integer)[0m
  [1m[35m (2.6ms)[0m  [1m[35mCREATE TABLE "schema_migrations" ("version" varchar NOT NULL PRIMARY KEY)[0m
  [1m[35m (1.3ms)[0m  [1m[34mSELECT "schema_migrations"."version" FROM "schema_migrations" ORDER BY "schema_migrations"."version" ASC[0m
  [1m[35m (3.3ms)[0m  [1m[32mINSERT INTO "schema_migrations" (version) VALUES (20201130201401)[0m
  [1m[35m (6.3ms)[0m  [1m[32mINSERT INTO "schema_migrations" (version) VALUES
(20201130200643),
(20201130200805);

[0m
  [1m[35m (2.4ms)[0m  [1m[35mCREATE TABLE "ar_internal_metadata" ("key" varchar NOT NULL PRIMARY KEY, "value" varchar, "created_at" datetime(6) NOT NULL, "updated_at" datetime(6) NOT NULL)[0m
  [1m[36mActiveRecord::InternalMetadata Load (1.4ms)[0m  [1m[34mSELECT "ar_internal_metadata".* FROM "ar_internal_metadata" WHERE "ar_internal_metadata"."key" = ? LIMIT ?[0m  [["key", "environment"], ["LIMIT", 1]]
  [1m[35m (0.1ms)[0m  [1m[36mbegin transaction[0m
  [1m[36mActiveRecord::InternalMetadata Create (0.8ms)[0m  [1m[32mINSERT INTO "ar_internal_metadata" ("key", "value", "created_at", "updated_at") VALUES (?, ?, ?, ?)[0m  [["key", "environment"], ["value", "development"], ["created_at", "2020-11-30 20:17:43.687302"], ["updated_at", "2020-11-30 20:17:43.687302"]]
  [1m[35m (1.7ms)[0m  [1m[36mcommit transaction[0m
  [1m[36mActiveRecord::InternalMetadata Load (0.1ms)[0m  [1m[34mSELECT "ar_internal_metadata".* FROM "ar_internal_metadata" WHERE "ar_internal_metadata"."key" = ? LIMIT ?[0m  [["key", "environment"], ["LIMIT", 1]]
  [1m[36mActiveRecord::InternalMetadata Load (0.1ms)[0m  [1m[34mSELECT "ar_internal_metadata".* FROM "ar_internal_metadata" WHERE "ar_internal_metadata"."key" = ? LIMIT ?[0m  [["key", "schema_sha1"], ["LIMIT", 1]]
  [1m[35m (0.1ms)[0m  [1m[36mbegin transaction[0m
  [1m[36mActiveRecord::InternalMetadata Create (0.4ms)[0m  [1m[32mINSERT INTO "ar_internal_metadata" ("key", "value", "created_at", "updated_at") VALUES (?, ?, ?, ?)[0m  [["key", "schema_sha1"], ["value", "5ed0397a1dc4702891331734a7227614034c4795"], ["created_at", "2020-11-30 20:17:43.701071"], ["updated_at", "2020-11-30 20:17:43.701071"]]
  [1m[35m (1.5ms)[0m  [1m[36mcommit transaction[0m
  [1m[35m (0.1ms)[0m  [1m[34mSELECT sqlite_version(*)[0m
  [1m[35m (0.2ms)[0m  [1m[35mDROP TABLE IF EXISTS "boroughs"[0m
  [1m[35m (2.6ms)[0m  [1m[35mCREATE TABLE "boroughs" ("id" integer PRIMARY KEY AUTOINCREMENT NOT NULL, "name" varchar, "created_at" datetime(6) NOT NULL, "updated_at" datetime(6) NOT NULL)[0m
  [1m[35m (0.2ms)[0m  [1m[35mDROP TABLE IF EXISTS "trails"[0m
  [1m[35m (2.0ms)[0m  [1m[35mCREATE TABLE "trails" ("id" integer PRIMARY KEY AUTOINCREMENT NOT NULL, "name" varchar, "location" varchar, "park_name" varchar, "length" varchar, "difficulty" varchar, "created_at" datetime(6) NOT NULL, "updated_at" datetime(6) NOT NULL, "borough_id" integer)[0m
  [1m[35m (3.5ms)[0m  [1m[35mCREATE TABLE "schema_migrations" ("version" varchar NOT NULL PRIMARY KEY)[0m
  [1m[35m (0.2ms)[0m  [1m[34mSELECT "schema_migrations"."version" FROM "schema_migrations" ORDER BY "schema_migrations"."version" ASC[0m
  [1m[35m (2.0ms)[0m  [1m[32mINSERT INTO "schema_migrations" (version) VALUES (20201130201401)[0m
  [1m[35m (1.9ms)[0m  [1m[32mINSERT INTO "schema_migrations" (version) VALUES
(20201130200643),
(20201130200805);

[0m
  [1m[35m (2.0ms)[0m  [1m[35mCREATE TABLE "ar_internal_metadata" ("key" varchar NOT NULL PRIMARY KEY, "value" varchar, "created_at" datetime(6) NOT NULL, "updated_at" datetime(6) NOT NULL)[0m
  [1m[36mActiveRecord::InternalMetadata Load (0.2ms)[0m  [1m[34mSELECT "ar_internal_metadata".* FROM "ar_internal_metadata" WHERE "ar_internal_metadata"."key" = ? LIMIT ?[0m  [["key", "environment"], ["LIMIT", 1]]
  [1m[35m (0.1ms)[0m  [1m[36mbegin transaction[0m
  [1m[36mActiveRecord::InternalMetadata Create (0.3ms)[0m  [1m[32mINSERT INTO "ar_internal_metadata" ("key", "value", "created_at", "updated_at") VALUES (?, ?, ?, ?)[0m  [["key", "environment"], ["value", "development"], ["created_at", "2020-11-30 20:17:43.821123"], ["updated_at", "2020-11-30 20:17:43.821123"]]
  [1m[35m (1.6ms)[0m  [1m[36mcommit transaction[0m
  [1m[36mActiveRecord::InternalMetadata Load (0.1ms)[0m  [1m[34mSELECT "ar_internal_metadata".* FROM "ar_internal_metadata" WHERE "ar_internal_metadata"."key" = ? LIMIT ?[0m  [["key", "environment"], ["LIMIT", 1]]
  [1m[35m (0.1ms)[0m  [1m[36mbegin transaction[0m
  [1m[36mActiveRecord::InternalMetadata Update (1.7ms)[0m  [1m[33mUPDATE "ar_internal_metadata" SET "value" = ?, "updated_at" = ? WHERE "ar_internal_metadata"."key" = ?[0m  [["value", "test"], ["updated_at", "2020-11-30 20:17:43.834382"], ["key", "environment"]]
  [1m[35m (1.3ms)[0m  [1m[36mcommit transaction[0m
  [1m[36mActiveRecord::InternalMetadata Load (0.1ms)[0m  [1m[34mSELECT "ar_internal_metadata".* FROM "ar_internal_metadata" WHERE "ar_internal_metadata"."key" = ? LIMIT ?[0m  [["key", "schema_sha1"], ["LIMIT", 1]]
  [1m[35m (0.1ms)[0m  [1m[36mbegin transaction[0m
  [1m[36mActiveRecord::InternalMetadata Create (1.1ms)[0m  [1m[32mINSERT INTO "ar_internal_metadata" ("key", "value", "created_at", "updated_at") VALUES (?, ?, ?, ?)[0m  [["key", "schema_sha1"], ["value", "5ed0397a1dc4702891331734a7227614034c4795"], ["created_at", "2020-11-30 20:17:43.848302"], ["updated_at", "2020-11-30 20:17:43.848302"]]
  [1m[35m (1.4ms)[0m  [1m[36mcommit transaction[0m
  [1m[35m (0.1ms)[0m  [1m[34mSELECT sqlite_version(*)[0m
  [1m[35m (0.1ms)[0m  [1m[34mSELECT "schema_migrations"."version" FROM "schema_migrations" ORDER BY "schema_migrations"."version" ASC[0m
  [1m[35m (0.2ms)[0m  [1m[34mSELECT sqlite_version(*)[0m
  [1m[35m (0.1ms)[0m  [1m[36mbegin transaction[0m
  [1m[36mBorough Create (0.4ms)[0m  [1m[32mINSERT INTO "boroughs" ("name", "created_at", "updated_at") VALUES (?, ?, ?)[0m  [["name", "bronx"], ["created_at", "2020-11-30 20:17:43.914298"], ["updated_at", "2020-11-30 20:17:43.914298"]]
  [1m[35m (1.6ms)[0m  [1m[36mcommit transaction[0m
  [1m[35m (0.1ms)[0m  [1m[36mbegin transaction[0m
  [1m[36mBorough Create (0.4ms)[0m  [1m[32mINSERT INTO "boroughs" ("name", "created_at", "updated_at") VALUES (?, ?, ?)[0m  [["name", "brooklyn"], ["created_at", "2020-11-30 20:17:43.923101"], ["updated_at", "2020-11-30 20:17:43.923101"]]
  [1m[35m (1.6ms)[0m  [1m[36mcommit transaction[0m
  [1m[35m (0.1ms)[0m  [1m[36mbegin transaction[0m
  [1m[36mBorough Create (2.9ms)[0m  [1m[32mINSERT INTO "boroughs" ("name", "created_at", "updated_at") VALUES (?, ?, ?)[0m  [["name", "manhattan"], ["created_at", "2020-11-30 20:17:43.935202"], ["updated_at", "2020-11-30 20:17:43.935202"]]
  [1m[35m (1.7ms)[0m  [1m[36mcommit transaction[0m
  [1m[35m (0.0ms)[0m  [1m[36mbegin transaction[0m
  [1m[36mBorough Create (0.4ms)[0m  [1m[32mINSERT INTO "boroughs" ("name", "created_at", "updated_at") VALUES (?, ?, ?)[0m  [["name", "queens"], ["created_at", "2020-11-30 20:17:43.952514"], ["updated_at", "2020-11-30 20:17:43.952514"]]
  [1m[35m (2.5ms)[0m  [1m[36mcommit transaction[0m
  [1m[35m (0.1ms)[0m  [1m[36mbegin transaction[0m
  [1m[36mBorough Create (0.5ms)[0m  [1m[32mINSERT INTO "boroughs" ("name", "created_at", "updated_at") VALUES (?, ?, ?)[0m  [["name", "staten island"], ["created_at", "2020-11-30 20:17:43.968773"], ["updated_at", "2020-11-30 20:17:43.968773"]]
  [1m[35m (3.1ms)[0m  [1m[36mcommit transaction[0m
  [1m[36mBorough Load (0.2ms)[0m  [1m[34mSELECT "boroughs".* FROM "boroughs" WHERE "boroughs"."name" = ? LIMIT ?[0m  [["name", "brooklyn"], ["LIMIT", 1]]
  [1m[35m (0.1ms)[0m  [1m[36mbegin transaction[0m
  [1m[36mTrail Create (0.4ms)[0m  [1m[32mINSERT INTO "trails" ("name", "location", "park_name", "length", "created_at", "updated_at", "borough_id") VALUES (?, ?, ?, ?, ?, ?, ?)[0m  [["name", "Salt Marsh Nature Trail"], ["location", "Enter behind the Salt Marsh Nature Center, located near the intersection of East 33rd Street and Avenue U."], ["park_name", "Marine Park"], ["length", "0.8 miles"], ["created_at", "2020-11-30 20:17:44.042750"], ["updated_at", "2020-11-30 20:17:44.042750"], ["borough_id", 2]]
  [1m[35m (1.7ms)[0m  [1m[36mcommit transaction[0m
  [1m[36mBorough Load (0.2ms)[0m  [1m[34mSELECT "boroughs".* FROM "boroughs" WHERE "boroughs"."name" = ? LIMIT ?[0m  [["name", "brooklyn"], ["LIMIT", 1]]
  [1m[35m (0.1ms)[0m  [1m[36mbegin transaction[0m
  [1m[36mTrail Create (1.0ms)[0m  [1m[32mINSERT INTO "trails" ("name", "location", "park_name", "length", "difficulty", "created_at", "updated_at", "borough_id") VALUES (?, ?, ?, ?, ?, ?, ?, ?)[0m  [["name", "Lullwater"], ["location", "Enter Park at Lincoln Road and Ocean Avenue entrance.  Trails begin or are near the Prospect Park Audubon Center."], ["park_name", "Prospect Park"], ["length", "1.0 mile"], ["difficulty", "Easy"], ["created_at", "2020-11-30 20:17:44.055056"], ["updated_at", "2020-11-30 20:17:44.055056"], ["borough_id", 2]]
  [1m[35m (1.7ms)[0m  [1m[36mcommit transaction[0m
  [1m[36mBorough Load (0.2ms)[0m  [1m[34mSELECT "boroughs".* FROM "boroughs" WHERE "boroughs"."name" = ? LIMIT ?[0m  [["name", "brooklyn"], ["LIMIT", 1]]
  [1m[35m (0.1ms)[0m  [1m[36mbegin transaction[0m
  [1m[36mTrail Create (0.3ms)[0m  [1m[32mINSERT INTO "trails" ("name", "location", "park_name", "length", "difficulty", "created_at", "updated_at", "borough_id") VALUES (?, ?, ?, ?, ?, ?, ?, ?)[0m  [["name", "Midwood"], ["location", "Enter Park at Lincoln Road and Ocean Avenue entrance. Trails begin or are near the Prospect Park Audubon Center."], ["park_name", "Prospect Park"], ["length", "0.75 miles"], ["difficulty", "Easy"], ["created_at", "2020-11-30 20:17:44.063877"], ["updated_at", "2020-11-30 20:17:44.063877"], ["borough_id", 2]]
  [1m[35m (1.4ms)[0m  [1m[36mcommit transaction[0m
  [1m[36mBorough Load (0.1ms)[0m  [1m[34mSELECT "boroughs".* FROM "boroughs" WHERE "boroughs"."name" = ? LIMIT ?[0m  [["name", "brooklyn"], ["LIMIT", 1]]
  [1m[35m (0.1ms)[0m  [1m[36mbegin transaction[0m
  [1m[36mTrail Create (0.4ms)[0m  [1m[32mINSERT INTO "trails" ("name", "location", "park_name", "length", "difficulty", "created_at", "updated_at", "borough_id") VALUES (?, ?, ?, ?, ?, ?, ?, ?)[0m  [["name", "Peninsula"], ["location", "Enter Park at Lincoln Road and Ocean Avenue entrance.  Trails begin or are near the Prospect Park Audubon Center."], ["park_name", "Prospect Park"], ["length", "0.5 miles"], ["difficulty", "Easy"], ["created_at", "2020-11-30 20:17:44.079025"], ["updated_at", "2020-11-30 20:17:44.079025"], ["borough_id", 2]]
  [1m[35m (1.7ms)[0m  [1m[36mcommit transaction[0m
  [1m[36mBorough Load (0.6ms)[0m  [1m[34mSELECT "boroughs".* FROM "boroughs" WHERE "boroughs"."name" = ? LIMIT ?[0m  [["name", "brooklyn"], ["LIMIT", 1]]
  [1m[35m (0.1ms)[0m  [1m[36mbegin transaction[0m
  [1m[36mTrail Create (0.7ms)[0m  [1m[32mINSERT INTO "trails" ("name", "location", "park_name", "length", "difficulty", "created_at", "updated_at", "borough_id") VALUES (?, ?, ?, ?, ?, ?, ?, ?)[0m  [["name", "Waterfall"], ["location", "Enter Park at Lincoln Road and Ocean Avenue entrance.  Trails begin or are near the Prospect Park Audubon Center."], ["park_name", "Prospect Park"], ["length", "0.5 miles"], ["difficulty", "Easy"], ["created_at", "2020-11-30 20:17:44.088565"], ["updated_at", "2020-11-30 20:17:44.088565"], ["borough_id", 2]]
  [1m[35m (1.7ms)[0m  [1m[36mcommit transaction[0m
  [1m[36mBorough Load (0.1ms)[0m  [1m[34mSELECT "boroughs".* FROM "boroughs" WHERE "boroughs"."name" = ? LIMIT ?[0m  [["name", "queens"], ["LIMIT", 1]]
  [1m[35m (0.0ms)[0m  [1m[36mbegin transaction[0m
  [1m[36mTrail Create (0.4ms)[0m  [1m[32mINSERT INTO "trails" ("name", "location", "park_name", "length", "difficulty", "created_at", "updated_at", "borough_id") VALUES (?, ?, ?, ?, ?, ?, ?, ?)[0m  [["name", "Alley Pond Trails"], ["location", "Park-wide. Check out our <a href=\"/park-features/hiking/alley-pond-park\">Alley Pond Park Trails</a> page for a map and directions to scenic locations."], ["park_name", "Alley Pond Park"], ["length", "Various"], ["difficulty", "Various"], ["created_at", "2020-11-30 20:17:44.100637"], ["updated_at", "2020-11-30 20:17:44.100637"], ["borough_id", 4]]
  [1m[35m (1.7ms)[0m  [1m[36mcommit transaction[0m
  [1m[36mBorough Load (0.1ms)[0m  [1m[34mSELECT "boroughs".* FROM "boroughs" WHERE "boroughs"."name" = ? LIMIT ?[0m  [["name", "queens"], ["LIMIT", 1]]
  [1m[35m (0.0ms)[0m  [1m[36mbegin transaction[0m
  [1m[36mTrail Create (0.3ms)[0m  [1m[32mINSERT INTO "trails" ("name", "location", "park_name", "length", "created_at", "updated_at", "borough_id") VALUES (?, ?, ?, ?, ?, ?, ?)[0m  [["name", "Blue Trail"], ["location", "Forest Park Drive East, off of Woodhaven Boulevard"], ["park_name", "Forest Park"], ["length", "1.7 miles"], ["created_at", "2020-11-30 20:17:44.117315"], ["updated_at", "2020-11-30 20:17:44.117315"], ["borough_id", 4]]
  [1m[35m (1.6ms)[0m  [1m[36mcommit transaction[0m
  [1m[36mBorough Load (0.1ms)[0m  [1m[34mSELECT "boroughs".* FROM "boroughs" WHERE "boroughs"."name" = ? LIMIT ?[0m  [["name", "queens"], ["LIMIT", 1]]
  [1m[35m (0.1ms)[0m  [1m[36mbegin transaction[0m
  [1m[36mTrail Create (0.4ms)[0m  [1m[32mINSERT INTO "trails" ("name", "location", "park_name", "length", "created_at", "updated_at", "borough_id") VALUES (?, ?, ?, ?, ?, ?, ?)[0m  [["name", "Orange Trail"], ["location", "Memorial Drive and Forest Park Drive East"], ["park_name", "Forest Park"], ["length", "2.4 miles"], ["created_at", "2020-11-30 20:17:44.124385"], ["updated_at", "2020-11-30 20:17:44.124385"], ["borough_id", 4]]
  [1m[35m (1.6ms)[0m  [1m[36mcommit transaction[0m
  [1m[36mBorough Load (0.3ms)[0m  [1m[34mSELECT "boroughs".* FROM "boroughs" WHERE "boroughs"."name" = ? LIMIT ?[0m  [["name", "queens"], ["LIMIT", 1]]
  [1m[35m (0.1ms)[0m  [1m[36mbegin transaction[0m
  [1m[36mTrail Create (0.5ms)[0m  [1m[32mINSERT INTO "trails" ("name", "location", "park_name", "length", "created_at", "updated_at", "borough_id") VALUES (?, ?, ?, ?, ?, ?, ?)[0m  [["name", "Yellow Trail"], ["location", "Metropolitan Avenue & Forest Park Drive East"], ["park_name", "Forest Park"], ["length", "1.0 mile"], ["created_at", "2020-11-30 20:17:44.134254"], ["updated_at", "2020-11-30 20:17:44.134254"], ["borough_id", 4]]
  [1m[35m (1.9ms)[0m  [1m[36mcommit transaction[0m
  [1m[36mBorough Load (0.2ms)[0m  [1m[34mSELECT "boroughs".* FROM "boroughs" WHERE "boroughs"."name" = ? LIMIT ?[0m  [["name", "queens"], ["LIMIT", 1]]
  [1m[35m (0.1ms)[0m  [1m[36mbegin transaction[0m
  [1m[36mTrail Create (0.9ms)[0m  [1m[32mINSERT INTO "trails" ("name", "location", "park_name", "length", "created_at", "updated_at", "borough_id") VALUES (?, ?, ?, ?, ?, ?, ?)[0m  [["name", "South Preserve Trail"], ["location", "Francis Lewis Boulevard and Union Turnpike"], ["park_name", "Cunningham Park"], ["length", "3.0 miles"], ["created_at", "2020-11-30 20:17:44.157985"], ["updated_at", "2020-11-30 20:17:44.157985"], ["borough_id", 4]]
  [1m[35m (4.8ms)[0m  [1m[36mcommit transaction[0m
  [1m[36mBorough Load (0.2ms)[0m  [1m[34mSELECT "boroughs".* FROM "boroughs" WHERE "boroughs"."name" = ? LIMIT ?[0m  [["name", "staten island"], ["LIMIT", 1]]
  [1m[35m (0.1ms)[0m  [1m[36mbegin transaction[0m
  [1m[36mTrail Create (0.4ms)[0m  [1m[32mINSERT INTO "trails" ("name", "location", "park_name", "length", "difficulty", "created_at", "updated_at", "borough_id") VALUES (?, ?, ?, ?, ?, ?, ?, ?)[0m  [["name", "Greenbelt Blue Trail (Southern Trailhead)"], ["location", "Brielle Avenue & Roanoake Street"], ["park_name", "La Tourette Parks & Golf Course"], ["length", "12.3 miles"], ["difficulty", "Easy/Moderate"], ["created_at", "2020-11-30 20:17:44.174831"], ["updated_at", "2020-11-30 20:17:44.174831"], ["borough_id", 5]]
  [1m[35m (4.0ms)[0m  [1m[36mcommit transaction[0m
  [1m[36mBorough Load (0.1ms)[0m  [1m[34mSELECT "boroughs".* FROM "boroughs" WHERE "boroughs"."name" = ? LIMIT ?[0m  [["name", "queens"], ["LIMIT", 1]]
  [1m[35m (0.1ms)[0m  [1m[36mbegin transaction[0m
  [1m[36mTrail Create (0.5ms)[0m  [1m[32mINSERT INTO "trails" ("name", "location", "park_name", "length", "difficulty", "created_at", "updated_at", "borough_id") VALUES (?, ?, ?, ?, ?, ?, ?, ?)[0m  [["name", "Bayswater Park Hiking Trails"], ["location", "Check out our <a href=\"/park-features/hiking/bayswater-park\">Bayswater Trails</a> page for a map featuring entrances and directions to scenic locations."], ["park_name", "Bayswater Park"], ["length", "0.25 miles"], ["difficulty", "Moderate"], ["created_at", "2020-11-30 20:17:44.184791"], ["updated_at", "2020-11-30 20:17:44.184791"], ["borough_id", 4]]
  [1m[35m (1.7ms)[0m  [1m[36mcommit transaction[0m
  [1m[35m (0.5ms)[0m  [1m[34mSELECT sqlite_version(*)[0m
  [1m[36mTrail Load (0.6ms)[0m  [1m[34mSELECT "trails".* FROM "trails" LIMIT ?[0m  [["LIMIT", 11]]
  [1m[36mTrail Load (0.3ms)[0m  [1m[34mSELECT "trails".* FROM "trails" ORDER BY "trails"."id" ASC LIMIT ?[0m  [["LIMIT", 1]]
  [1m[36mBorough Load (0.3ms)[0m  [1m[34mSELECT "boroughs".* FROM "boroughs" WHERE "boroughs"."id" = ? LIMIT ?[0m  [["id", 2], ["LIMIT", 1]]
  [1m[36mBorough Load (0.7ms)[0m  [1m[34mSELECT "boroughs".* FROM "boroughs" ORDER BY "boroughs"."id" ASC LIMIT ?[0m  [["LIMIT", 1]]
  [1m[36mTrail Load (0.2ms)[0m  [1m[34mSELECT "trails".* FROM "trails" WHERE "trails"."borough_id" = ? LIMIT ?[0m  [["borough_id", 1], ["LIMIT", 11]]
  [1m[36mBorough Load (0.2ms)[0m  [1m[34mSELECT "boroughs".* FROM "boroughs" ORDER BY "boroughs"."id" DESC LIMIT ?[0m  [["LIMIT", 1]]
  [1m[36mTrail Load (0.2ms)[0m  [1m[34mSELECT "trails".* FROM "trails" WHERE "trails"."borough_id" = ? LIMIT ?[0m  [["borough_id", 5], ["LIMIT", 11]]
  [1m[36mBorough Load (0.2ms)[0m  [1m[34mSELECT "boroughs".* FROM "boroughs"[0m
  [1m[36mTrail Load (0.1ms)[0m  [1m[34mSELECT "trails".* FROM "trails" WHERE "trails"."borough_id" = ? LIMIT ?[0m  [["borough_id", 3], ["LIMIT", 11]]
  [1m[36mBorough Load (0.2ms)[0m  [1m[34mSELECT "boroughs".* FROM "boroughs"[0m
  [1m[36mTrail Load (0.2ms)[0m  [1m[34mSELECT "trails".* FROM "trails" WHERE "trails"."borough_id" = ? LIMIT ?[0m  [["borough_id", 4], ["LIMIT", 11]]
  [1m[36mBorough Load (0.4ms)[0m  [1m[34mSELECT "boroughs".* FROM "boroughs" WHERE "boroughs"."name" = ? LIMIT ?[0m  [["name", "bronx"], ["LIMIT", 1]]
  [1m[36mTrail Load (0.3ms)[0m  [1m[34mSELECT "trails".* FROM "trails" WHERE "trails"."borough_id" = ? LIMIT ?[0m  [["borough_id", 1], ["LIMIT", 11]]
Started GET "/api/v1/boroughs" for ::1 at 2020-11-30 15:24:35 -0500
  [1m[35m (4.6ms)[0m  [1m[34mSELECT sqlite_version(*)[0m
  [1m[35m (0.3ms)[0m  [1m[34mSELECT "schema_migrations"."version" FROM "schema_migrations" ORDER BY "schema_migrations"."version" ASC[0m
  
ActionController::RoutingError (No route matches [GET] "/api/v1/boroughs"):
  
actionpack (6.0.3.4) lib/action_dispatch/middleware/debug_exceptions.rb:36:in `call'
actionpack (6.0.3.4) lib/action_dispatch/middleware/show_exceptions.rb:33:in `call'
railties (6.0.3.4) lib/rails/rack/logger.rb:37:in `call_app'
railties (6.0.3.4) lib/rails/rack/logger.rb:26:in `block in call'
activesupport (6.0.3.4) lib/active_support/tagged_logging.rb:80:in `block in tagged'
activesupport (6.0.3.4) lib/active_support/tagged_logging.rb:28:in `tagged'
activesupport (6.0.3.4) lib/active_support/tagged_logging.rb:80:in `tagged'
railties (6.0.3.4) lib/rails/rack/logger.rb:26:in `call'
actionpack (6.0.3.4) lib/action_dispatch/middleware/remote_ip.rb:81:in `call'
actionpack (6.0.3.4) lib/action_dispatch/middleware/request_id.rb:27:in `call'
rack (2.2.3) lib/rack/runtime.rb:22:in `call'
activesupport (6.0.3.4) lib/active_support/cache/strategy/local_cache_middleware.rb:29:in `call'
actionpack (6.0.3.4) lib/action_dispatch/middleware/executor.rb:14:in `call'
actionpack (6.0.3.4) lib/action_dispatch/middleware/static.rb:126:in `call'
rack (2.2.3) lib/rack/sendfile.rb:110:in `call'
actionpack (6.0.3.4) lib/action_dispatch/middleware/host_authorization.rb:82:in `call'
rack-cors (1.1.1) lib/rack/cors.rb:100:in `call'
railties (6.0.3.4) lib/rails/engine.rb:527:in `call'
puma (4.3.7) lib/puma/configuration.rb:228:in `call'
puma (4.3.7) lib/puma/server.rb:713:in `handle_request'
puma (4.3.7) lib/puma/server.rb:472:in `process_client'
puma (4.3.7) lib/puma/server.rb:328:in `block in run'
puma (4.3.7) lib/puma/thread_pool.rb:134:in `block in spawn_thread'
Started GET "/trails" for ::1 at 2020-11-30 15:24:53 -0500
  
SyntaxError (/Users/jgamez/Development/projects/javascript_project/nyc_hiking_trails/nyc_hiking_trails_api/app/controllers/trails_controller.rb:49: syntax error, unexpected ',', expecting ')'
....require(:trail).permit(:name,, :location,, :park_name,, :le...
...                              ^):
  
app/controllers/trails_controller.rb:49: syntax error, unexpected ',', expecting ')'
app/controllers/trails_controller.rb:49: syntax error, unexpected ',', expecting ')'
Started GET "/trails" for ::1 at 2020-11-30 15:26:35 -0500
  [1m[35m (0.1ms)[0m  [1m[34mSELECT sqlite_version(*)[0m
  
SyntaxError (/Users/jgamez/Development/projects/javascript_project/nyc_hiking_trails/nyc_hiking_trails_api/app/controllers/trails_controller.rb:36: syntax error, unexpected end, expecting end-of-input):
  
app/controllers/trails_controller.rb:36: syntax error, unexpected end, expecting end-of-input
app/controllers/trails_controller.rb:36: syntax error, unexpected end, expecting end-of-input
Started GET "/trails" for ::1 at 2020-11-30 15:27:11 -0500
  [1m[35m (0.1ms)[0m  [1m[34mSELECT sqlite_version(*)[0m
Processing by TrailsController#index as HTML
  [1m[36mTrail Load (0.4ms)[0m  [1m[34mSELECT "trails".* FROM "trails"[0m
  ↳ app/controllers/trails_controller.rb:8:in `index'
Completed 200 OK in 84ms (Views: 74.8ms | ActiveRecord: 5.8ms | Allocations: 10599)


Started GET "/trails/1" for ::1 at 2020-11-30 16:01:30 -0500
  [1m[35m (0.1ms)[0m  [1m[34mSELECT sqlite_version(*)[0m
Processing by TrailsController#show as HTML
  Parameters: {"id"=>"1"}
  [1m[36mTrail Load (0.2ms)[0m  [1m[34mSELECT "trails".* FROM "trails" WHERE "trails"."id" = ? LIMIT ?[0m  [["id", 1], ["LIMIT", 1]]
  ↳ app/controllers/trails_controller.rb:32:in `set_trail'
Completed 200 OK in 12ms (Views: 0.4ms | ActiveRecord: 0.2ms | Allocations: 7468)


Started GET "/trails/8" for ::1 at 2020-11-30 16:01:43 -0500
Processing by TrailsController#show as HTML
  Parameters: {"id"=>"8"}
  [1m[36mTrail Load (0.5ms)[0m  [1m[34mSELECT "trails".* FROM "trails" WHERE "trails"."id" = ? LIMIT ?[0m  [["id", 8], ["LIMIT", 1]]
  ↳ app/controllers/trails_controller.rb:32:in `set_trail'
Completed 200 OK in 3ms (Views: 0.5ms | ActiveRecord: 0.5ms | Allocations: 795)


Started GET "/trails/8" for ::1 at 2020-11-30 16:03:13 -0500
  [1m[35m (0.1ms)[0m  [1m[34mSELECT sqlite_version(*)[0m
Processing by TrailsController#show as HTML
  Parameters: {"id"=>"8"}
  [1m[36mTrail Load (0.3ms)[0m  [1m[34mSELECT "trails".* FROM "trails" WHERE "trails"."id" = ? LIMIT ?[0m  [["id", 8], ["LIMIT", 1]]
  ↳ app/controllers/trails_controller.rb:32:in `set_trail'
Completed 200 OK in 16ms (Views: 0.4ms | ActiveRecord: 1.4ms | Allocations: 7541)


Started GET "/trails/8" for ::1 at 2020-11-30 16:03:15 -0500
Processing by TrailsController#show as HTML
  Parameters: {"id"=>"8"}
  [1m[36mTrail Load (0.2ms)[0m  [1m[34mSELECT "trails".* FROM "trails" WHERE "trails"."id" = ? LIMIT ?[0m  [["id", 8], ["LIMIT", 1]]
  ↳ app/controllers/trails_controller.rb:32:in `set_trail'
Completed 200 OK in 4ms (Views: 0.7ms | ActiveRecord: 0.2ms | Allocations: 782)


Started GET "/trails/8" for ::1 at 2020-11-30 16:04:00 -0500
Processing by TrailsController#show as HTML
  Parameters: {"id"=>"8"}
  [1m[36mTrail Load (0.3ms)[0m  [1m[34mSELECT "trails".* FROM "trails" WHERE "trails"."id" = ? LIMIT ?[0m  [["id", 8], ["LIMIT", 1]]
  ↳ app/controllers/trails_controller.rb:32:in `set_trail'
Completed 200 OK in 3ms (Views: 0.4ms | ActiveRecord: 0.3ms | Allocations: 789)


Started GET "/trails/8" for ::1 at 2020-11-30 16:04:01 -0500
Processing by TrailsController#show as HTML
  Parameters: {"id"=>"8"}
  [1m[36mTrail Load (0.2ms)[0m  [1m[34mSELECT "trails".* FROM "trails" WHERE "trails"."id" = ? LIMIT ?[0m  [["id", 8], ["LIMIT", 1]]
  ↳ app/controllers/trails_controller.rb:32:in `set_trail'
Completed 200 OK in 3ms (Views: 0.8ms | ActiveRecord: 0.2ms | Allocations: 782)


Started GET "/trails" for ::1 at 2020-11-30 16:04:06 -0500
Processing by TrailsController#index as HTML
  [1m[36mTrail Load (0.3ms)[0m  [1m[34mSELECT "trails".* FROM "trails"[0m
  ↳ app/controllers/trails_controller.rb:7:in `index'
Completed 200 OK in 6ms (Views: 4.9ms | ActiveRecord: 0.3ms | Allocations: 2757)


Started GET "/trails/8" for ::1 at 2020-11-30 16:04:10 -0500
Processing by TrailsController#show as HTML
  Parameters: {"id"=>"8"}
  [1m[36mTrail Load (0.2ms)[0m  [1m[34mSELECT "trails".* FROM "trails" WHERE "trails"."id" = ? LIMIT ?[0m  [["id", 8], ["LIMIT", 1]]
  ↳ app/controllers/trails_controller.rb:32:in `set_trail'
Completed 200 OK in 4ms (Views: 1.3ms | ActiveRecord: 0.2ms | Allocations: 782)


Started GET "/trails/" for ::1 at 2020-11-30 16:04:14 -0500
Processing by TrailsController#index as HTML
  [1m[36mTrail Load (0.2ms)[0m  [1m[34mSELECT "trails".* FROM "trails"[0m
  ↳ app/controllers/trails_controller.rb:7:in `index'
Completed 200 OK in 7ms (Views: 5.8ms | ActiveRecord: 0.2ms | Allocations: 2733)


Started GET "/trails/" for ::1 at 2020-11-30 16:04:40 -0500
  [1m[35m (0.1ms)[0m  [1m[34mSELECT sqlite_version(*)[0m
Processing by TrailsController#index as HTML
  [1m[36mTrail Load (0.4ms)[0m  [1m[34mSELECT "trails".* FROM "trails"[0m
  ↳ app/controllers/trails_controller.rb:7:in `index'
Completed 200 OK in 17ms (Views: 12.7ms | ActiveRecord: 2.3ms | Allocations: 9417)


Started GET "/trails/8" for ::1 at 2020-11-30 16:04:43 -0500
Processing by TrailsController#show as HTML
  Parameters: {"id"=>"8"}
  [1m[36mTrail Load (0.3ms)[0m  [1m[34mSELECT "trails".* FROM "trails" WHERE "trails"."id" = ? LIMIT ?[0m  [["id", 8], ["LIMIT", 1]]
  ↳ app/controllers/trails_controller.rb:33:in `set_trail'
Completed 200 OK in 4ms (Views: 0.5ms | ActiveRecord: 0.3ms | Allocations: 880)


Started GET "/boroughs" for ::1 at 2020-11-30 23:41:16 -0500
  [1m[35m (0.2ms)[0m  [1m[34mSELECT sqlite_version(*)[0m
Processing by BoroughsController#index as HTML
Completed 500 Internal Server Error in 4ms (ActiveRecord: 0.0ms | Allocations: 1622)


  
NameError (uninitialized constant BoroughsController::Api):
  
app/controllers/boroughs_controller.rb:3:in `index'
Started GET "/boroughs" for ::1 at 2020-11-30 23:41:44 -0500
  [1m[35m (0.1ms)[0m  [1m[34mSELECT sqlite_version(*)[0m
Processing by BoroughsController#index as HTML
  [1m[36mBorough Load (5.3ms)[0m  [1m[34mSELECT "boroughs".* FROM "boroughs"[0m
  ↳ app/controllers/boroughs_controller.rb:4:in `index'
Completed 200 OK in 20ms (Views: 7.4ms | ActiveRecord: 6.4ms | Allocations: 5225)


